<?xml version="1.0" encoding="UTF-8"?><testsuites failures="2" name="dependency-check" tests="23"><testsuite failures="0" errors="0" time="0" id="0" name="/Users/ewallace/.m2/repository/net/minidev/accessors-smart/2.4.8/accessors-smart-2.4.8.jar" package="accessors-smart-2.4.8.jar" skipped="0" tests="1" timestamp="2022-10-14T22:57:59.973914"><testcase classname="dependency-check" name="accessors-smart-2.4.8.jar"/></testsuite><testsuite failures="0" errors="0" time="0" id="1" name="/Users/ewallace/.m2/repository/org/ow2/asm/asm/9.1/asm-9.1.jar" package="asm-9.1.jar" skipped="0" tests="1" timestamp="2022-10-14T22:57:59.973914"><testcase classname="dependency-check" name="asm-9.1.jar"/></testsuite><testsuite failures="0" errors="0" time="0" id="2" name="/Users/ewallace/.m2/repository/org/atteo/evo-inflector/1.3/evo-inflector-1.3.jar" package="evo-inflector-1.3.jar" skipped="0" tests="1" timestamp="2022-10-14T22:57:59.973914"><testcase classname="dependency-check" name="evo-inflector-1.3.jar"/></testsuite><testsuite failures="0" errors="0" time="0" id="3" name="/Users/ewallace/.m2/repository/com/fasterxml/jackson/core/jackson-core/2.13.4/jackson-core-2.13.4.jar" package="jackson-core-2.13.4.jar" skipped="0" tests="1" timestamp="2022-10-14T22:57:59.973914"><testcase classname="dependency-check" name="jackson-core-2.13.4.jar"/></testsuite><testsuite failures="0" errors="0" time="0" id="4" name="/Users/ewallace/.m2/repository/com/fasterxml/jackson/core/jackson-databind/2.14.0-rc1/jackson-databind-2.14.0-rc1.jar" package="jackson-databind-2.14.0-rc1.jar" skipped="0" tests="1" timestamp="2022-10-14T22:57:59.973914"><testcase classname="dependency-check" name="jackson-databind-2.14.0-rc1.jar"/></testsuite><testsuite failures="0" errors="0" time="0" id="5" name="/Users/ewallace/.m2/repository/jakarta/annotation/jakarta.annotation-api/1.3.5/jakarta.annotation-api-1.3.5.jar" package="jakarta.annotation-api-1.3.5.jar" skipped="0" tests="1" timestamp="2022-10-14T22:57:59.973914"><testcase classname="dependency-check" name="jakarta.annotation-api-1.3.5.jar"/></testsuite><testsuite failures="0" errors="0" time="0" id="6" name="/Users/ewallace/.m2/repository/com/jayway/jsonpath/json-path/2.7.0/json-path-2.7.0.jar" package="json-path-2.7.0.jar" skipped="0" tests="1" timestamp="2022-10-14T22:57:59.973914"><testcase classname="dependency-check" name="json-path-2.7.0.jar"/></testsuite><testsuite failures="0" errors="0" time="0" id="7" name="/Users/ewallace/.m2/repository/net/minidev/json-smart/2.4.8/json-smart-2.4.8.jar" package="json-smart-2.4.8.jar" skipped="0" tests="1" timestamp="2022-10-14T22:57:59.973914"><testcase classname="dependency-check" name="json-smart-2.4.8.jar"/></testsuite><testsuite failures="0" errors="0" time="0" id="8" name="/Users/ewallace/.m2/repository/org/slf4j/jul-to-slf4j/1.7.36/jul-to-slf4j-1.7.36.jar" package="jul-to-slf4j-1.7.36.jar" skipped="0" tests="1" timestamp="2022-10-14T22:57:59.973914"><testcase classname="dependency-check" name="jul-to-slf4j-1.7.36.jar"/></testsuite><testsuite failures="0" errors="0" time="0" id="9" name="/Users/ewallace/.m2/repository/org/apache/logging/log4j/log4j-api/2.17.2/log4j-api-2.17.2.jar" package="log4j-api-2.17.2.jar" skipped="0" tests="1" timestamp="2022-10-14T22:57:59.973914"><testcase classname="dependency-check" name="log4j-api-2.17.2.jar"/></testsuite><testsuite failures="0" errors="0" time="0" id="10" name="/Users/ewallace/.m2/repository/org/apache/logging/log4j/log4j-to-slf4j/2.17.2/log4j-to-slf4j-2.17.2.jar" package="log4j-to-slf4j-2.17.2.jar" skipped="0" tests="1" timestamp="2022-10-14T22:57:59.973914"><testcase classname="dependency-check" name="log4j-to-slf4j-2.17.2.jar"/></testsuite><testsuite failures="0" errors="0" time="0" id="11" name="/Users/ewallace/.m2/repository/ch/qos/logback/logback-core/1.2.11/logback-core-1.2.11.jar" package="logback-core-1.2.11.jar" skipped="0" tests="1" timestamp="2022-10-14T22:57:59.973914"><testcase classname="dependency-check" name="logback-core-1.2.11.jar"/></testsuite><testsuite failures="0" errors="0" time="0" id="12" name="/Users/ewallace/.m2/repository/org/slf4j/slf4j-api/1.7.36/slf4j-api-1.7.36.jar" package="slf4j-api-1.7.36.jar" skipped="0" tests="1" timestamp="2022-10-14T22:57:59.973914"><testcase classname="dependency-check" name="slf4j-api-1.7.36.jar"/></testsuite><testsuite failures="1" errors="0" time="0" id="13" name="/Users/ewallace/.m2/repository/org/yaml/snakeyaml/1.33/snakeyaml-1.33.jar" package="snakeyaml-1.33.jar" skipped="0" tests="1" timestamp="2022-10-14T22:57:59.973914"><testcase classname="CVE-2022-38752" name="pkg:maven/org.yaml/snakeyaml@1.33"><failure message="cvssV2: MEDIUM, score: 6.5 (/AV:N/AC:L/Au:/C:N/I:N/A:H)"/><system-out>Using snakeYAML to parse untrusted YAML files may be vulnerable to Denial of Service attacks (DOS). If the parser is running on user supplied input, an attacker may supply content that causes the parser to crash by stack-overflow.</system-out><system-err>location: /Users/ewallace/.m2/repository/org/yaml/snakeyaml/1.33/snakeyaml-1.33.jar, project-references: [ ssl-server:compile ]</system-err></testcase></testsuite><testsuite failures="0" errors="0" time="0" id="14" name="/Users/ewallace/.m2/repository/org/springframework/boot/spring-boot/2.7.4/spring-boot-2.7.4.jar" package="spring-boot-2.7.4.jar" skipped="0" tests="1" timestamp="2022-10-14T22:57:59.973914"><testcase classname="dependency-check" name="spring-boot-2.7.4.jar"/></testsuite><testsuite failures="0" errors="0" time="0" id="15" name="/Users/ewallace/.m2/repository/org/springframework/boot/spring-boot-starter-data-rest/2.7.4/spring-boot-starter-data-rest-2.7.4.jar" package="spring-boot-starter-data-rest-2.7.4.jar" skipped="0" tests="1" timestamp="2022-10-14T22:57:59.973914"><testcase classname="dependency-check" name="spring-boot-starter-data-rest-2.7.4.jar"/></testsuite><testsuite failures="0" errors="0" time="0" id="16" name="/Users/ewallace/.m2/repository/org/springframework/spring-core/5.3.23/spring-core-5.3.23.jar" package="spring-core-5.3.23.jar" skipped="0" tests="1" timestamp="2022-10-14T22:57:59.973914"><testcase classname="dependency-check" name="spring-core-5.3.23.jar"/></testsuite><testsuite failures="0" errors="0" time="0" id="17" name="/Users/ewallace/.m2/repository/org/springframework/data/spring-data-commons/2.7.3/spring-data-commons-2.7.3.jar" package="spring-data-commons-2.7.3.jar" skipped="0" tests="1" timestamp="2022-10-14T22:57:59.973914"><testcase classname="dependency-check" name="spring-data-commons-2.7.3.jar"/></testsuite><testsuite failures="0" errors="0" time="0" id="18" name="/Users/ewallace/.m2/repository/org/springframework/data/spring-data-rest-core/3.7.3/spring-data-rest-core-3.7.3.jar" package="spring-data-rest-core-3.7.3.jar" skipped="0" tests="1" timestamp="2022-10-14T22:57:59.973914"><testcase classname="dependency-check" name="spring-data-rest-core-3.7.3.jar"/></testsuite><testsuite failures="0" errors="0" time="0" id="19" name="/Users/ewallace/.m2/repository/org/springframework/hateoas/spring-hateoas/1.5.2/spring-hateoas-1.5.2.jar" package="spring-hateoas-1.5.2.jar" skipped="0" tests="1" timestamp="2022-10-14T22:57:59.973914"><testcase classname="dependency-check" name="spring-hateoas-1.5.2.jar"/></testsuite><testsuite failures="0" errors="0" time="0" id="20" name="/Users/ewallace/.m2/repository/org/springframework/plugin/spring-plugin-core/2.0.0.RELEASE/spring-plugin-core-2.0.0.RELEASE.jar" package="spring-plugin-core-2.0.0.RELEASE.jar" skipped="0" tests="1" timestamp="2022-10-14T22:57:59.973914"><testcase classname="dependency-check" name="spring-plugin-core-2.0.0.RELEASE.jar"/></testsuite><testsuite failures="1" errors="0" time="0" id="21" name="/Users/ewallace/.m2/repository/org/springframework/spring-web/5.3.23/spring-web-5.3.23.jar" package="spring-web-5.3.23.jar" skipped="0" tests="1" timestamp="2022-10-14T22:57:59.973914"><testcase classname="CVE-2016-1000027" name="pkg:maven/org.springframework/spring-web@5.3.23"><failure message="cvssV3: CRITICAL, score: 9.8 (CVSS:3.1/AV:N/AC:L/PR:N/UI:N/S:U/C:H/I:H/A:H)"/><system-out>Pivotal Spring Framework through 5.3.16 suffers from a potential remote code execution (RCE) issue if used for Java deserialization of untrusted data. Depending on how the library is implemented within a product, this issue may or not occur, and authentication may be required. NOTE: the vendor&apos;s position is that untrusted data is not an intended use case. The product&apos;s behavior will not be changed because some users rely on deserialization of trusted data.</system-out><system-err>location: /Users/ewallace/.m2/repository/org/springframework/spring-web/5.3.23/spring-web-5.3.23.jar, project-references: [ ssl-server:compile ]</system-err></testcase></testsuite><testsuite failures="0" errors="0" time="0" id="22" name="/Users/ewallace/.m2/repository/org/apache/tomcat/tomcat-annotations-api/10.1.1/tomcat-annotations-api-10.1.1.jar" package="tomcat-annotations-api-10.1.1.jar" skipped="0" tests="1" timestamp="2022-10-14T22:57:59.973914"><testcase classname="dependency-check" name="tomcat-annotations-api-10.1.1.jar"/></testsuite><testsuite failures="0" errors="0" time="0" id="23" name="/Users/ewallace/.m2/repository/org/apache/tomcat/embed/tomcat-embed-core/10.1.1/tomcat-embed-core-10.1.1.jar" package="tomcat-embed-core-10.1.1.jar" skipped="0" tests="1" timestamp="2022-10-14T22:57:59.973914"><testcase classname="dependency-check" name="tomcat-embed-core-10.1.1.jar"/></testsuite><testsuite failures="0" errors="0" time="0" id="24" name="/Users/ewallace/.m2/repository/org/apache/tomcat/embed/tomcat-embed-el/10.1.1/tomcat-embed-el-10.1.1.jar" package="tomcat-embed-el-10.1.1.jar" skipped="0" tests="1" timestamp="2022-10-14T22:57:59.973914"><testcase classname="dependency-check" name="tomcat-embed-el-10.1.1.jar"/></testsuite></testsuites>